Arguments: 
  /usr/local/bin/node /usr/local/bin/yarn add mongodb

PATH: 
  /opt/homebrew/bin:/opt/homebrew/sbin:/usr/local/bin:/usr/bin:/bin:/usr/sbin:/sbin:/Library/Apple/usr/bin:/opt/homebrew/bin:/opt/homebrew/sbin:/usr/local/mysql-8.0.26-macos11-arm64/bin:/usr/local/mysql-8.0.26-macos11-arm64/bin

Yarn version: 
  1.22.17

Node version: 
  14.17.4

Platform: 
  darwin x64

Trace: 
  Error: https://registry.yarnpkg.com/@hot-loader: Request "https://registry.yarnpkg.com/@hot-loader" returned a 405
      at Request.params.callback [as _callback] (/usr/local/lib/node_modules/yarn/lib/cli.js:67038:18)
      at Request.self.callback (/usr/local/lib/node_modules/yarn/lib/cli.js:140883:22)
      at Request.emit (events.js:400:28)
      at Request.<anonymous> (/usr/local/lib/node_modules/yarn/lib/cli.js:141855:10)
      at Request.emit (events.js:400:28)
      at IncomingMessage.<anonymous> (/usr/local/lib/node_modules/yarn/lib/cli.js:141777:12)
      at Object.onceWrapper (events.js:519:28)
      at IncomingMessage.emit (events.js:412:35)
      at endReadableNT (internal/streams/readable.js:1317:12)
      at processTicksAndRejections (internal/process/task_queues.js:82:21)

npm manifest: 
  {
    "name": "mern-skeleton",
    "version": "1.0.0",
    "description": "Skeleton for any mern stack application",
    "main": "template.js",
    "scripts": {
      "test": "echo \"Error: no test specified\" && exit 1"
    },
    "repository": "git+https://github.com/rpierr33/mern-skeleton.git",
    "author": "Ralph Pierre",
    "license": "MIT",
    "bugs": {
      "url": "https://github.com/rpierr33/mern-skeleton/issues"
    },
    "homepage": "https://github.com/rpierr33/mern-skeleton#readme",
    "private": false,
    "dependencies": {
      "@hot-loader": "@hot-loader",
      "express": "^4.17.2",
      "react": "^17.0.2",
      "react-dom": "^17.0.2",
      "react-hot-loader": "^4.13.0",
      "why": "wtf"
    },
    "devDependencies": {
      "@babel/core": "^7.17.2",
      "@babel/preset-env": "^7.16.11",
      "babel-core": "^6.26.3",
      "babel-loader": "^8.2.3",
      "nodemon": "^2.0.15",
      "webpack": "^5.68.0",
      "webpack-cli": "^4.9.2",
      "webpack-dev-middleware": "^5.3.1",
      "webpack-hot-middleware": "^2.25.1",
      "webpack-node-externals": "^3.0.0"
    }
  }

yarn manifest: 
  No manifest

Lockfile: 
  # THIS IS AN AUTOGENERATED FILE. DO NOT EDIT THIS FILE DIRECTLY.
  # yarn lockfile v1
